Building DAG of jobs...
Using shell: /bin/bash
Provided cores: 1 (use --cores to define parallelism)
Rules claiming more threads will be scaled down.
Job stats:
job                       count    min threads    max threads
----------------------  -------  -------------  -------------
all                           1              1              1
prepare_files_and_dirs        3              1              1
run_PDBminer                  3              1              1
total                         7              1              1

Select jobs to execute...

[Mon Oct  3 10:02:23 2022]
rule prepare_files_and_dirs:
    input: /data/user/krde/PDBminer/program
    output: /data/user/krde/PDBminer/program/results/P11532/P11532_input.csv
    jobid: 2
    wildcards: path=/data/user/krde/PDBminer/program, uniprot_id=P11532
    resources: tmpdir=/tmp

[Mon Oct  3 10:02:24 2022]
Finished job 2.
1 of 7 steps (14%) done
Select jobs to execute...

[Mon Oct  3 10:02:24 2022]
rule prepare_files_and_dirs:
    input: /data/user/krde/PDBminer/program
    output: /data/user/krde/PDBminer/program/results/P0A7Y7/P0A7Y7_input.csv
    jobid: 6
    wildcards: path=/data/user/krde/PDBminer/program, uniprot_id=P0A7Y7
    resources: tmpdir=/tmp

[Mon Oct  3 10:02:25 2022]
Finished job 6.
2 of 7 steps (29%) done
Select jobs to execute...

[Mon Oct  3 10:02:25 2022]
rule run_PDBminer:
    input: /data/user/krde/PDBminer/program/results/P0A7Y7/P0A7Y7_input.csv
    output: /data/user/krde/PDBminer/program/results/P0A7Y7/P0A7Y7_done.txt
    jobid: 5
    wildcards: path=/data/user/krde/PDBminer/program, uniprot_id=P0A7Y7
    resources: tmpdir=/tmp

[Mon Oct  3 10:02:28 2022]
Finished job 5.
3 of 7 steps (43%) done
Select jobs to execute...

[Mon Oct  3 10:02:28 2022]
rule run_PDBminer:
    input: /data/user/krde/PDBminer/program/results/P11532/P11532_input.csv
    output: /data/user/krde/PDBminer/program/results/P11532/P11532_done.txt
    jobid: 1
    wildcards: path=/data/user/krde/PDBminer/program, uniprot_id=P11532
    resources: tmpdir=/tmp

[Mon Oct  3 10:02:46 2022]
Finished job 1.
4 of 7 steps (57%) done
Select jobs to execute...

[Mon Oct  3 10:02:46 2022]
rule prepare_files_and_dirs:
    input: /data/user/krde/PDBminer/program
    output: /data/user/krde/PDBminer/program/results/P22307/P22307_input.csv
    jobid: 4
    wildcards: path=/data/user/krde/PDBminer/program, uniprot_id=P22307
    resources: tmpdir=/tmp

[Mon Oct  3 10:02:46 2022]
Finished job 4.
5 of 7 steps (71%) done
Select jobs to execute...

[Mon Oct  3 10:02:46 2022]
rule run_PDBminer:
    input: /data/user/krde/PDBminer/program/results/P22307/P22307_input.csv
    output: /data/user/krde/PDBminer/program/results/P22307/P22307_done.txt
    jobid: 3
    wildcards: path=/data/user/krde/PDBminer/program, uniprot_id=P22307
    resources: tmpdir=/tmp

[Mon Oct  3 10:02:54 2022]
Finished job 3.
6 of 7 steps (86%) done
Select jobs to execute...

[Mon Oct  3 10:02:54 2022]
localrule all:
    input: /data/user/krde/PDBminer/program/results/P11532/P11532_done.txt, /data/user/krde/PDBminer/program/results/P22307/P22307_done.txt, /data/user/krde/PDBminer/program/results/P0A7Y7/P0A7Y7_done.txt
    jobid: 0
    resources: tmpdir=/tmp

[Mon Oct  3 10:02:54 2022]
Finished job 0.
7 of 7 steps (100%) done
Complete log: .snakemake/log/2022-10-03T100217.639581.snakemake.log
