Building DAG of jobs...
Using shell: /bin/bash
Provided cores: 1 (use --cores to define parallelism)
Rules claiming more threads will be scaled down.
Job stats:
job                       count    min threads    max threads
----------------------  -------  -------------  -------------
all                           1              1              1
prepare_files_and_dirs        3              1              1
run_PDBminer                  3              1              1
total                         7              1              1

Select jobs to execute...

[Mon Oct 17 19:40:15 2022]
rule prepare_files_and_dirs:
    input: /data/user/krde/PDBminer/snakemake_change/examples/input_file
    output: /data/user/krde/PDBminer/snakemake_change/examples/input_file/results/P0A7Y7/P0A7Y7_input.csv
    jobid: 6
    wildcards: path=/data/user/krde/PDBminer/snakemake_change/examples/input_file, uniprot_id=P0A7Y7
    resources: tmpdir=/tmp

[Mon Oct 17 19:40:16 2022]
Finished job 6.
1 of 7 steps (14%) done
Select jobs to execute...

[Mon Oct 17 19:40:16 2022]
rule run_PDBminer:
    input: /data/user/krde/PDBminer/snakemake_change/examples/input_file/results/P0A7Y7/P0A7Y7_input.csv
    output: /data/user/krde/PDBminer/snakemake_change/examples/input_file/results/P0A7Y7/P0A7Y7_done.txt
    jobid: 5
    wildcards: path=/data/user/krde/PDBminer/snakemake_change/examples/input_file, uniprot_id=P0A7Y7
    resources: tmpdir=/tmp

[Mon Oct 17 19:40:18 2022]
Finished job 5.
2 of 7 steps (29%) done
Select jobs to execute...

[Mon Oct 17 19:40:18 2022]
rule prepare_files_and_dirs:
    input: /data/user/krde/PDBminer/snakemake_change/examples/input_file
    output: /data/user/krde/PDBminer/snakemake_change/examples/input_file/results/P11532/P11532_input.csv
    jobid: 2
    wildcards: path=/data/user/krde/PDBminer/snakemake_change/examples/input_file, uniprot_id=P11532
    resources: tmpdir=/tmp

[Mon Oct 17 19:40:19 2022]
Finished job 2.
3 of 7 steps (43%) done
Select jobs to execute...

[Mon Oct 17 19:40:19 2022]
rule prepare_files_and_dirs:
    input: /data/user/krde/PDBminer/snakemake_change/examples/input_file
    output: /data/user/krde/PDBminer/snakemake_change/examples/input_file/results/P22307/P22307_input.csv
    jobid: 4
    wildcards: path=/data/user/krde/PDBminer/snakemake_change/examples/input_file, uniprot_id=P22307
    resources: tmpdir=/tmp

[Mon Oct 17 19:40:20 2022]
Finished job 4.
4 of 7 steps (57%) done
Select jobs to execute...

[Mon Oct 17 19:40:20 2022]
rule run_PDBminer:
    input: /data/user/krde/PDBminer/snakemake_change/examples/input_file/results/P22307/P22307_input.csv
    output: /data/user/krde/PDBminer/snakemake_change/examples/input_file/results/P22307/P22307_done.txt
    jobid: 3
    wildcards: path=/data/user/krde/PDBminer/snakemake_change/examples/input_file, uniprot_id=P22307
    resources: tmpdir=/tmp

[Mon Oct 17 19:40:26 2022]
Finished job 3.
5 of 7 steps (71%) done
Select jobs to execute...

[Mon Oct 17 19:40:26 2022]
rule run_PDBminer:
    input: /data/user/krde/PDBminer/snakemake_change/examples/input_file/results/P11532/P11532_input.csv
    output: /data/user/krde/PDBminer/snakemake_change/examples/input_file/results/P11532/P11532_done.txt
    jobid: 1
    wildcards: path=/data/user/krde/PDBminer/snakemake_change/examples/input_file, uniprot_id=P11532
    resources: tmpdir=/tmp

[Mon Oct 17 19:40:42 2022]
Finished job 1.
6 of 7 steps (86%) done
Select jobs to execute...

[Mon Oct 17 19:40:42 2022]
localrule all:
    input: /data/user/krde/PDBminer/snakemake_change/examples/input_file/results/P11532/P11532_done.txt, /data/user/krde/PDBminer/snakemake_change/examples/input_file/results/P22307/P22307_done.txt, /data/user/krde/PDBminer/snakemake_change/examples/input_file/results/P0A7Y7/P0A7Y7_done.txt
    jobid: 0
    resources: tmpdir=/tmp

[Mon Oct 17 19:40:42 2022]
Finished job 0.
7 of 7 steps (100%) done
Complete log: .snakemake/log/2022-10-17T194014.274877.snakemake.log
