Building DAG of jobs...
Using shell: /bin/bash
Provided cores: 1 (use --cores to define parallelism)
Rules claiming more threads will be scaled down.
Job stats:
job                       count    min threads    max threads
----------------------  -------  -------------  -------------
all                           1              1              1
prepare_files_and_dirs        1              1              1
run_PDBminer                  1              1              1
total                         3              1              1

Select jobs to execute...

[Wed Oct  5 11:40:04 2022]
rule prepare_files_and_dirs:
    input: /data/user/krde/PDBminer/test_align
    output: /data/user/krde/PDBminer/test_align/results/P60849/P60849_input.csv
    jobid: 2
    wildcards: path=/data/user/krde/PDBminer/test_align, uniprot_id=P60849
    resources: tmpdir=/tmp

[Wed Oct  5 11:40:05 2022]
Finished job 2.
1 of 3 steps (33%) done
Select jobs to execute...

[Wed Oct  5 11:40:05 2022]
rule run_PDBminer:
    input: /data/user/krde/PDBminer/test_align/results/P60849/P60849_input.csv
    output: /data/user/krde/PDBminer/test_align/results/P60849/P60849_done.txt
    jobid: 1
    wildcards: path=/data/user/krde/PDBminer/test_align, uniprot_id=P60849
    resources: tmpdir=/tmp

[Wed Oct  5 11:40:13 2022]
Finished job 1.
2 of 3 steps (67%) done
Select jobs to execute...

[Wed Oct  5 11:40:13 2022]
localrule all:
    input: /data/user/krde/PDBminer/test_align/results/P60849/P60849_done.txt
    jobid: 0
    resources: tmpdir=/tmp

[Wed Oct  5 11:40:13 2022]
Finished job 0.
3 of 3 steps (100%) done
Complete log: .snakemake/log/2022-10-05T114003.261036.snakemake.log
