Building DAG of jobs...
Using shell: /bin/bash
Provided cores: 1 (use --cores to define parallelism)
Rules claiming more threads will be scaled down.
Job stats:
job                       count    min threads    max threads
----------------------  -------  -------------  -------------
all                           1              1              1
prepare_files_and_dirs        1              1              1
run_PDBminer                  1              1              1
total                         3              1              1

Select jobs to execute...

[Wed Oct  5 12:20:42 2022]
rule prepare_files_and_dirs:
    input: /data/user/krde/PDBminer/test_align
    output: /data/user/krde/PDBminer/test_align/results/P60849/P60849_input.csv
    jobid: 2
    wildcards: path=/data/user/krde/PDBminer/test_align, uniprot_id=P60849
    resources: tmpdir=/tmp

[Wed Oct  5 12:20:43 2022]
Finished job 2.
1 of 3 steps (33%) done
Select jobs to execute...

[Wed Oct  5 12:20:43 2022]
rule run_PDBminer:
    input: /data/user/krde/PDBminer/test_align/results/P60849/P60849_input.csv
    output: /data/user/krde/PDBminer/test_align/results/P60849/P60849_done.txt
    jobid: 1
    wildcards: path=/data/user/krde/PDBminer/test_align, uniprot_id=P60849
    resources: tmpdir=/tmp

[Wed Oct  5 12:20:47 2022]
Error in rule run_PDBminer:
    jobid: 1
    output: /data/user/krde/PDBminer/test_align/results/P60849/P60849_done.txt

RuleException:
CalledProcessError in line 98 of /data/user/krde/PDBminer/test_align/program/snakefile:
Command 'set -euo pipefail;  /home/krde/.conda/envs/PDBminer/bin/python3.8 /data/user/krde/PDBminer/test_align/program/.snakemake/scripts/tmp9qvmwwg3.PDBminer_run.py' returned non-zero exit status 1.
  File "/data/user/krde/PDBminer/test_align/program/snakefile", line 98, in __rule_run_PDBminer
  File "/home/krde/.conda/envs/PDBminer/lib/python3.8/concurrent/futures/thread.py", line 57, in run
Shutting down, this might take some time.
Exiting because a job execution failed. Look above for error message
Complete log: .snakemake/log/2022-10-05T122042.198839.snakemake.log
