Building DAG of jobs...
Using shell: /bin/bash
Provided cores: 1 (use --cores to define parallelism)
Rules claiming more threads will be scaled down.
Job stats:
job                       count    min threads    max threads
----------------------  -------  -------------  -------------
all                           1              1              1
prepare_files_and_dirs        1              1              1
run_PDBminer                  1              1              1
total                         3              1              1

Select jobs to execute...

[Mon Oct 17 19:48:27 2022]
rule prepare_files_and_dirs:
    input: /data/user/krde/PDBminer/snakemake_change/examples/different_clusters
    output: /data/user/krde/PDBminer/snakemake_change/examples/different_clusters/results/P22307/P22307_input.csv
    jobid: 2
    wildcards: path=/data/user/krde/PDBminer/snakemake_change/examples/different_clusters, uniprot_id=P22307
    resources: tmpdir=/tmp

[Mon Oct 17 19:48:28 2022]
Finished job 2.
1 of 3 steps (33%) done
Select jobs to execute...

[Mon Oct 17 19:48:28 2022]
rule run_PDBminer:
    input: /data/user/krde/PDBminer/snakemake_change/examples/different_clusters/results/P22307/P22307_input.csv
    output: /data/user/krde/PDBminer/snakemake_change/examples/different_clusters/results/P22307/P22307_done.txt
    jobid: 1
    wildcards: path=/data/user/krde/PDBminer/snakemake_change/examples/different_clusters, uniprot_id=P22307
    resources: tmpdir=/tmp

[Mon Oct 17 19:48:36 2022]
Finished job 1.
2 of 3 steps (67%) done
Select jobs to execute...

[Mon Oct 17 19:48:36 2022]
localrule all:
    input: /data/user/krde/PDBminer/snakemake_change/examples/different_clusters/results/P22307/P22307_done.txt
    jobid: 0
    resources: tmpdir=/tmp

[Mon Oct 17 19:48:36 2022]
Finished job 0.
3 of 3 steps (100%) done
Complete log: .snakemake/log/2022-10-17T194824.145239.snakemake.log
